\BOOKMARK [1][-]{section*.2}{\376\377\000K\000e\000y\000w\000o\000r\000d\000s}{}% 1
\BOOKMARK [1][-]{section*.3}{\376\377\000A\000b\000s\000t\000r\000a\000c\000t}{}% 2
\BOOKMARK [1][-]{section*.4}{\376\377\000S\000a\000n\000t\000r\000a\000u\000k\000a}{}% 3
\BOOKMARK [1][-]{section*.5}{\376\377\000I\000n\000t\000r\000o\000d\000u\000c\000t\000i\000o\000n}{}% 4
\BOOKMARK [1][-]{section.1}{\376\377\000D\000a\000t\000a\000\040\000r\000a\000n\000d\000o\000m\000n\000e\000s\000s\000\040\000a\000n\000d\000\040\000r\000e\000g\000u\000l\000a\000r\000i\000t\000i\000e\000s}{}% 5
\BOOKMARK [2][-]{subsection.1.1}{\376\377\000S\000i\000g\000n\000a\000l\000\040\000d\000a\000t\000a}{section.1}% 6
\BOOKMARK [2][-]{subsection.1.2}{\376\377\000R\000e\000c\000u\000r\000r\000e\000n\000c\000e\000\040\000p\000l\000o\000t}{section.1}% 7
\BOOKMARK [2][-]{subsection.1.3}{\376\377\000R\000e\000c\000u\000r\000r\000e\000n\000c\000e\000\040\000p\000l\000o\000t\000\040\000p\000a\000r\000a\000m\000e\000t\000e\000r\000s}{section.1}% 8
\BOOKMARK [2][-]{subsection.1.4}{\376\377\000C\000o\000m\000p\000a\000r\000i\000n\000g\000\040\000s\000i\000g\000n\000a\000l\000\040\000s\000t\000a\000t\000e\000s}{section.1}% 9
\BOOKMARK [2][-]{subsection.1.5}{\376\377\000P\000e\000r\000f\000o\000r\000m\000a\000n\000c\000e\000\040\000i\000m\000p\000r\000o\000v\000e\000m\000e\000n\000t\000s}{section.1}% 10
\BOOKMARK [2][-]{subsection.1.6}{\376\377\000C\000a\000l\000c\000u\000l\000a\000t\000i\000n\000g\000\040\000t\000h\000e\000\040\000p\000i\000x\000e\000l\000\040\000p\000e\000r\000c\000e\000n\000t\000a\000g\000e}{section.1}% 11
\BOOKMARK [2][-]{subsection.1.7}{\376\377\000C\000a\000l\000i\000b\000r\000a\000t\000i\000n\000g\000\040\000t\000h\000e\000\040\000t\000r\000e\000s\000h\000o\000l\000d\000\040\000p\000a\000r\000a\000m\000e\000t\000e\000r}{section.1}% 12
\BOOKMARK [1][-]{section.2}{\376\377\000W\000e\000b\000\040\000a\000p\000p\000l\000i\000c\000a\000t\000i\000o\000n\000\040\000d\000e\000v\000e\000l\000o\000p\000m\000e\000n\000t}{}% 13
\BOOKMARK [2][-]{subsection.2.1}{\376\377\000A\000n\000a\000l\000y\000s\000i\000s\000\040\000o\000f\000\040\000a\000n\000a\000l\000o\000g\000o\000u\000s\000\040\000t\000o\000o\000l\000s}{section.2}% 14
\BOOKMARK [2][-]{subsection.2.2}{\376\377\000A\000r\000c\000h\000i\000t\000e\000c\000t\000u\000r\000e}{section.2}% 15
\BOOKMARK [3][-]{subsubsection.2.2.1}{\376\377\000P\000r\000o\000j\000e\000c\000t\000\040\000s\000t\000r\000u\000c\000t\000u\000r\000e}{subsection.2.2}% 16
\BOOKMARK [3][-]{subsubsection.2.2.2}{\376\377\000P\000r\000o\000j\000e\000c\000t\000\040\000w\000o\000r\000k\000f\000l\000o\000w}{subsection.2.2}% 17
\BOOKMARK [2][-]{subsection.2.3}{\376\377\000M\000i\000c\000r\000o\000s\000e\000r\000v\000i\000c\000e\000s}{section.2}% 18
\BOOKMARK [3][-]{subsubsection.2.3.1}{\376\377\000F\000r\000o\000n\000t\000\040\000e\000n\000d\000\040\000m\000i\000c\000r\000o\000s\000e\000r\000v\000i\000c\000e}{subsection.2.3}% 19
\BOOKMARK [3][-]{subsubsection.2.3.2}{\376\377\000B\000a\000c\000k\000\040\000e\000n\000d\000\040\000m\000i\000c\000r\000o\000s\000e\000r\000v\000i\000c\000e}{subsection.2.3}% 20
\BOOKMARK [3][-]{subsubsection.2.3.3}{\376\377\000P\000l\000o\000t\000t\000e\000r\000\040\000m\000i\000c\000r\000o\000s\000e\000r\000v\000i\000c\000e}{subsection.2.3}% 21
\BOOKMARK [2][-]{subsection.2.4}{\376\377\000R\000e\000c\000u\000r\000r\000e\000n\000c\000e\000\040\000p\000l\000o\000t\000\040\000m\000o\000d\000u\000l\000e}{section.2}% 22
\BOOKMARK [1][-]{section.3}{\376\377\000D\000a\000t\000a\000\040\000c\000l\000a\000s\000s\000i\000f\000i\000c\000a\000t\000i\000o\000n\000\040\000m\000o\000d\000e\000l}{}% 23
\BOOKMARK [2][-]{subsection.3.1}{\376\377\000T\000o\000o\000l\000s\000\040\000a\000n\000d\000\040\000l\000i\000b\000r\000a\000r\000i\000e\000s}{section.3}% 24
\BOOKMARK [3][-]{subsubsection.3.1.1}{\376\377\000H\000a\000r\000d\000w\000a\000r\000e\000\040\000s\000p\000e\000c\000i\000f\000i\000c\000a\000t\000i\000o\000n\000s}{subsection.3.1}% 25
\BOOKMARK [2][-]{subsection.3.2}{\376\377\000G\000e\000n\000e\000r\000a\000t\000i\000n\000g\000\040\000t\000r\000a\000i\000n\000i\000n\000g\000\040\000d\000a\000t\000a}{section.3}% 26
\BOOKMARK [3][-]{subsubsection.3.2.1}{\376\377\000T\000r\000a\000i\000n\000i\000n\000g\000\040\000d\000a\000t\000a\000\040\000m\000e\000t\000h\000o\000d\000o\000l\000o\000g\000i\000e\000s}{subsection.3.2}% 27
\BOOKMARK [3][-]{subsubsection.3.2.2}{\376\377\000C\000h\000o\000o\000s\000i\000n\000g\000\040\000c\000l\000a\000s\000s\000i\000f\000i\000c\000a\000t\000i\000o\000n\000\040\000f\000e\000a\000t\000u\000r\000e\000s}{subsection.3.2}% 28
\BOOKMARK [3][-]{subsubsection.3.2.3}{\376\377\000C\000h\000a\000o\000t\000i\000c\000\040\000s\000i\000g\000n\000a\000l}{subsection.3.2}% 29
\BOOKMARK [3][-]{subsubsection.3.2.4}{\376\377\000P\000e\000r\000i\000o\000d\000i\000c\000\040\000s\000i\000g\000n\000a\000l}{subsection.3.2}% 30
\BOOKMARK [3][-]{subsubsection.3.2.5}{\376\377\000S\000i\000g\000n\000a\000l\000\040\000w\000i\000t\000h\000\040\000a\000\040\000t\000r\000e\000n\000d}{subsection.3.2}% 31
\BOOKMARK [2][-]{subsection.3.3}{\376\377\000D\000a\000t\000a\000\040\000p\000r\000e\000p\000r\000o\000c\000e\000s\000s\000i\000n\000g}{section.3}% 32
\BOOKMARK [2][-]{subsection.3.4}{\376\377\000C\000o\000n\000v\000o\000l\000u\000t\000i\000o\000n\000a\000l\000\040\000n\000e\000u\000r\000a\000l\000\040\000n\000e\000t\000w\000o\000r\000k}{section.3}% 33
\BOOKMARK [3][-]{subsubsection.3.4.1}{\376\377\000C\000N\000N\000\040\000l\000a\000y\000e\000r\000s\000\040\000s\000t\000r\000u\000c\000t\000u\000r\000e}{subsection.3.4}% 34
\BOOKMARK [3][-]{subsubsection.3.4.2}{\376\377\000T\000r\000a\000i\000n\000i\000n\000g\000\040\000a\000n\000d\000\040\000t\000e\000s\000t\000i\000n\000g\000\040\000t\000h\000e\000\040\000C\000N\000N}{subsection.3.4}% 35
\BOOKMARK [1][-]{section*.17}{\376\377\000C\000o\000n\000c\000l\000u\000s\000i\000o\000n\000s\000\040\000a\000n\000d\000\040\000R\000e\000c\000o\000m\000m\000e\000n\000d\000a\000t\000i\000o\000n\000s}{}% 36
\BOOKMARK [1][-]{section*.18}{\376\377\000R\000e\000f\000e\000r\000e\000n\000c\000e\000s}{}% 37
\BOOKMARK [1][-]{section*.20}{\376\377\000A\000p\000p\000e\000n\000d\000i\000c\000e\000s}{}% 38
\BOOKMARK [1][-]{appendix.1.A}{\376\377\000C\000a\000l\000l\000i\000b\000r\000a\000t\000i\000n\000g\000\040\000r\000e\000c\000u\000r\000r\000e\000n\000c\000e\000\040\000p\000l\000o\000t\000\040\000t\000h\000r\000e\000s\000h\000o\000l\000d\000\040\000r}{}% 39
